<?xml version="1.0" encoding="UTF-8"?>
<!-- Generated by org.testng.reporters.JUnitReportReporter -->
<testsuite skipped="0" hostname="sys" name="com.qa.tests.RESTTest" tests="1" failures="0" timestamp="2020-07-10T04:43:41 IST" time="1.304" errors="0">
  <testcase name="getapitest" time="1.304" classname="com.qa.tests.RESTTest"/>
  <system-out/>
</testsuite> <!-- com.qa.tests.RESTTest -->
